[debug] [2020-11-15T22:24:57.375Z] ----------------------------------------------------------------------
[debug] [2020-11-15T22:24:57.376Z] Command:       C:\Program Files\nodejs\node.exe C:\Program Files\nodejs\node_modules\firebase-tools\lib\bin\firebase.js init
[debug] [2020-11-15T22:24:57.377Z] CLI Version:   8.16.2
[debug] [2020-11-15T22:24:57.377Z] Platform:      win32
[debug] [2020-11-15T22:24:57.377Z] Node Version:  v14.15.0
[debug] [2020-11-15T22:24:57.378Z] Time:          Sun Nov 15 2020 22:24:57 GMT+0000 (Greenwich Mean Time)
[debug] [2020-11-15T22:24:57.378Z] ----------------------------------------------------------------------
[debug] [2020-11-15T22:24:57.378Z] 
[debug] [2020-11-15T22:24:57.383Z] > command requires scopes: ["email","openid","https://www.googleapis.com/auth/cloudplatformprojects.readonly","https://www.googleapis.com/auth/firebase","https://www.googleapis.com/auth/cloud-platform"]
[debug] [2020-11-15T22:24:57.384Z] > authorizing via signed-in user
[info] 
     ######## #### ########  ######## ########     ###     ######  ########
     ##        ##  ##     ## ##       ##     ##  ##   ##  ##       ##
     ######    ##  ########  ######   ########  #########  ######  ######
     ##        ##  ##    ##  ##       ##     ## ##     ##       ## ##
     ##       #### ##     ## ######## ########  ##     ##  ######  ########

You're about to initialize a Firebase project in this directory:

  D:\SpiderSilk\projects\spidersilktech

[info] 
=== Project Setup
[info] 
[info] First, let's associate this project directory with a Firebase project.
[info] You can create multiple project aliases by running firebase use --add, 
[info] but for now we'll just set up a default project.
[info] 
[debug] [2020-11-15T22:25:04.810Z] >>> HTTP REQUEST GET https://firebase.googleapis.com/v1beta1/projects?pageSize=100  
 
[debug] [2020-11-15T22:25:05.007Z] <<< HTTP RESPONSE 200 {"content-type":"application/json; charset=UTF-8","vary":"X-Origin, Referer, Origin,Accept-Encoding","date":"Sun, 15 Nov 2020 22:25:04 GMT","server":"ESF","cache-control":"private","x-xss-protection":"0","x-frame-options":"SAMEORIGIN","x-content-type-options":"nosniff","alt-svc":"h3-Q050=\":443\"; ma=2592000,h3-29=\":443\"; ma=2592000,h3-T051=\":443\"; ma=2592000,h3-Q046=\":443\"; ma=2592000,h3-Q043=\":443\"; ma=2592000,quic=\":443\"; ma=2592000; v=\"46,43\"","accept-ranges":"none","transfer-encoding":"chunked"}
[info] i  Using project spidersilk-dev-99cc6 (spidersilk-dev) 
[info] 
=== Firestore Setup
[debug] [2020-11-15T22:25:06.528Z] >>> HTTP REQUEST GET https://serviceusage.googleapis.com/v1/projects/spidersilk-dev-99cc6/services/firestore.googleapis.com  
 
[debug] [2020-11-15T22:25:07.332Z] <<< HTTP RESPONSE 200 {"content-type":"application/json; charset=UTF-8","vary":"X-Origin, Referer, Origin,Accept-Encoding","date":"Sun, 15 Nov 2020 22:25:06 GMT","server":"ESF","cache-control":"private","x-xss-protection":"0","x-frame-options":"SAMEORIGIN","x-content-type-options":"nosniff","alt-svc":"h3-Q050=\":443\"; ma=2592000,h3-29=\":443\"; ma=2592000,h3-T051=\":443\"; ma=2592000,h3-Q046=\":443\"; ma=2592000,h3-Q043=\":443\"; ma=2592000,quic=\":443\"; ma=2592000; v=\"46,43\"","accept-ranges":"none","transfer-encoding":"chunked"}
[debug] [2020-11-15T22:25:07.334Z] >>> HTTP REQUEST GET https://appengine.googleapis.com/v1/apps/spidersilk-dev-99cc6  
 
[debug] [2020-11-15T22:25:07.773Z] <<< HTTP RESPONSE 200 {"content-type":"application/json; charset=UTF-8","vary":"X-Origin, Referer, Origin,Accept-Encoding","date":"Sun, 15 Nov 2020 22:25:06 GMT","server":"ESF","cache-control":"private","x-xss-protection":"0","x-frame-options":"SAMEORIGIN","x-content-type-options":"nosniff","alt-svc":"h3-Q050=\":443\"; ma=2592000,h3-29=\":443\"; ma=2592000,h3-T051=\":443\"; ma=2592000,h3-Q046=\":443\"; ma=2592000,h3-Q043=\":443\"; ma=2592000,quic=\":443\"; ma=2592000; v=\"46,43\"","accept-ranges":"none","transfer-encoding":"chunked"}
[debug] [2020-11-15T22:25:07.775Z] database_type: CLOUD_FIRESTORE
[debug] [2020-11-15T22:25:07.776Z] > command requires scopes: ["email","openid","https://www.googleapis.com/auth/cloudplatformprojects.readonly","https://www.googleapis.com/auth/firebase","https://www.googleapis.com/auth/cloud-platform"]
[debug] [2020-11-15T22:25:07.779Z] > authorizing via signed-in user
[debug] [2020-11-15T22:25:07.779Z] [iam] checking project spidersilk-dev-99cc6 for permissions ["firebase.projects.get"]
[debug] [2020-11-15T22:25:07.782Z] >>> HTTP REQUEST POST https://cloudresourcemanager.googleapis.com/v1/projects/spidersilk-dev-99cc6:testIamPermissions  
 {"permissions":["firebase.projects.get"]}
[debug] [2020-11-15T22:25:08.458Z] <<< HTTP RESPONSE 200 {"content-type":"application/json; charset=UTF-8","vary":"X-Origin, Referer, Origin,Accept-Encoding","date":"Sun, 15 Nov 2020 22:25:07 GMT","server":"ESF","cache-control":"private","x-xss-protection":"0","x-frame-options":"SAMEORIGIN","x-content-type-options":"nosniff","server-timing":"gfet4t7; dur=594","alt-svc":"h3-Q050=\":443\"; ma=2592000,h3-29=\":443\"; ma=2592000,h3-T051=\":443\"; ma=2592000,h3-Q046=\":443\"; ma=2592000,h3-Q043=\":443\"; ma=2592000,quic=\":443\"; ma=2592000; v=\"46,43\"","accept-ranges":"none","transfer-encoding":"chunked"}
[info] 
[info] Firestore Security Rules allow you to define how and when to allow
[info] requests. You can keep these rules in your project directory
[info] and publish them with firebase deploy.
[info] 
